2019-10-20 11:19:14,515 WARN  [RpcConnectionFactory#237] [main] [client side] bolt netty low water mark is 32768 bytes, high water mark is 65536 bytes
2019-10-20 11:19:45,619 WARN  [RpcServer#884] [main] [server side] bolt netty low water mark is 32768 bytes, high water mark is 65536 bytes
2019-10-20 11:20:33,335 WARN  [RpcConnectionFactory#237] [main] [client side] bolt netty low water mark is 32768 bytes, high water mark is 65536 bytes
2019-10-20 11:21:04,423 WARN  [RpcServer#884] [main] [server side] bolt netty low water mark is 32768 bytes, high water mark is 65536 bytes
2019-10-20 11:21:05,063 WARN  [RpcServer#305] [main] Rpc Server stopped!
2019-10-20 11:21:35,729 WARN  [RpcConnectionFactory#237] [main] [client side] bolt netty low water mark is 32768 bytes, high water mark is 65536 bytes
2019-10-20 11:22:06,961 WARN  [RpcServer#884] [main] [server side] bolt netty low water mark is 32768 bytes, high water mark is 65536 bytes
2019-10-20 11:26:42,070 WARN  [RpcConnectionFactory#237] [main] [client side] bolt netty low water mark is 32768 bytes, high water mark is 65536 bytes
2019-10-20 11:27:13,078 WARN  [RpcServer#884] [main] [server side] bolt netty low water mark is 32768 bytes, high water mark is 65536 bytes
2019-10-20 11:31:22,976 WARN  [RpcConnectionFactory#237] [main] [client side] bolt netty low water mark is 32768 bytes, high water mark is 65536 bytes
2019-10-20 11:31:54,199 WARN  [RpcServer#884] [main] [server side] bolt netty low water mark is 32768 bytes, high water mark is 65536 bytes
2019-10-20 14:29:42,782 WARN  [RpcConnectionFactory#237] [main] [client side] bolt netty low water mark is 32768 bytes, high water mark is 65536 bytes
2019-10-20 14:29:46,831 WARN  [RpcConnectionFactory#237] [main] [client side] bolt netty low water mark is 32768 bytes, high water mark is 65536 bytes
2019-10-20 14:30:13,846 WARN  [RpcServer#884] [main] [server side] bolt netty low water mark is 32768 bytes, high water mark is 65536 bytes
2019-10-20 14:30:48,183 WARN  [RpcServer#884] [main] [server side] bolt netty low water mark is 32768 bytes, high water mark is 65536 bytes
2019-10-20 14:33:18,352 WARN  [RpcConnectionFactory#237] [main] [client side] bolt netty low water mark is 32768 bytes, high water mark is 65536 bytes
2019-10-20 14:34:19,513 WARN  [RpcServer#884] [main] [server side] bolt netty low water mark is 32768 bytes, high water mark is 65536 bytes
2019-10-20 14:42:07,137 WARN  [RpcConnectionFactory#237] [main] [client side] bolt netty low water mark is 32768 bytes, high water mark is 65536 bytes
2019-10-20 14:43:08,242 WARN  [RpcServer#884] [main] [server side] bolt netty low water mark is 32768 bytes, high water mark is 65536 bytes
2019-10-20 14:44:47,275 WARN  [RpcConnectionFactory#237] [SOFA-CLI-CONN-com.jx.user.service.UserService-6-T1] [client side] bolt netty low water mark is 32768 bytes, high water mark is 65536 bytes
2019-10-20 14:45:02,134 WARN  [RpcConnectionFactory#237] [main] [client side] bolt netty low water mark is 32768 bytes, high water mark is 65536 bytes
2019-10-20 14:45:04,430 WARN  [RpcServer#884] [main] [server side] bolt netty low water mark is 32768 bytes, high water mark is 65536 bytes
2019-10-20 14:45:04,967 WARN  [RpcConnectionFactory#237] [SOFA-CLI-CONN-com.jx.product.service.ProductService-5-T1] [client side] bolt netty low water mark is 32768 bytes, high water mark is 65536 bytes
2019-10-20 14:45:05,136 WARN  [RpcConnectionFactory#237] [main] [client side] bolt netty low water mark is 32768 bytes, high water mark is 65536 bytes
2019-10-20 14:45:06,194 WARN  [RpcConnectionFactory#237] [SOFA-CLI-CONN-com.jx.product.service.ProductService-4-T1] [client side] bolt netty low water mark is 32768 bytes, high water mark is 65536 bytes
2019-10-20 14:45:07,198 WARN  [RpcServer#884] [main] [server side] bolt netty low water mark is 32768 bytes, high water mark is 65536 bytes
2019-10-20 14:48:36,538 WARN  [RpcConnectionFactory#237] [main] [client side] bolt netty low water mark is 32768 bytes, high water mark is 65536 bytes
2019-10-20 14:48:39,132 WARN  [RpcServer#884] [main] [server side] bolt netty low water mark is 32768 bytes, high water mark is 65536 bytes
2019-10-20 14:48:39,670 WARN  [RpcConnectionFactory#237] [SOFA-CLI-CONN-com.jx.product.service.ProductService-5-T1] [client side] bolt netty low water mark is 32768 bytes, high water mark is 65536 bytes
2019-10-20 14:48:41,093 WARN  [RpcConnectionFactory#237] [main] [client side] bolt netty low water mark is 32768 bytes, high water mark is 65536 bytes
2019-10-20 14:48:42,050 WARN  [RpcConnectionFactory#237] [SOFA-CLI-CONN-com.jx.product.service.ProductService-5-T1] [client side] bolt netty low water mark is 32768 bytes, high water mark is 65536 bytes
2019-10-20 14:48:43,061 WARN  [RpcServer#884] [main] [server side] bolt netty low water mark is 32768 bytes, high water mark is 65536 bytes
2019-10-20 14:51:15,151 WARN  [RpcConnectionFactory#237] [main] [client side] bolt netty low water mark is 32768 bytes, high water mark is 65536 bytes
2019-10-20 14:51:17,813 WARN  [RpcServer#884] [main] [server side] bolt netty low water mark is 32768 bytes, high water mark is 65536 bytes
2019-10-20 14:51:18,352 WARN  [RpcConnectionFactory#237] [SOFA-CLI-CONN-com.jx.product.service.ProductService-5-T1] [client side] bolt netty low water mark is 32768 bytes, high water mark is 65536 bytes
2019-10-20 14:51:19,891 WARN  [RpcConnectionFactory#237] [main] [client side] bolt netty low water mark is 32768 bytes, high water mark is 65536 bytes
2019-10-20 14:51:20,779 WARN  [RpcConnectionFactory#237] [SOFA-CLI-CONN-com.jx.product.service.ProductService-5-T1] [client side] bolt netty low water mark is 32768 bytes, high water mark is 65536 bytes
2019-10-20 14:51:21,872 WARN  [RpcServer#884] [main] [server side] bolt netty low water mark is 32768 bytes, high water mark is 65536 bytes
2019-10-20 14:53:43,697 WARN  [RpcConnectionFactory#237] [main] [client side] bolt netty low water mark is 32768 bytes, high water mark is 65536 bytes
2019-10-20 14:53:45,910 WARN  [RpcServer#884] [main] [server side] bolt netty low water mark is 32768 bytes, high water mark is 65536 bytes
2019-10-20 14:53:46,445 WARN  [RpcConnectionFactory#237] [SOFA-CLI-CONN-com.jx.product.service.ProductService-5-T1] [client side] bolt netty low water mark is 32768 bytes, high water mark is 65536 bytes
2019-10-20 14:53:46,929 WARN  [RpcConnectionFactory#237] [main] [client side] bolt netty low water mark is 32768 bytes, high water mark is 65536 bytes
2019-10-20 14:53:47,907 WARN  [RpcConnectionFactory#237] [SOFA-CLI-CONN-com.jx.product.service.ProductService-4-T1] [client side] bolt netty low water mark is 32768 bytes, high water mark is 65536 bytes
2019-10-20 14:53:48,957 WARN  [RpcServer#884] [main] [server side] bolt netty low water mark is 32768 bytes, high water mark is 65536 bytes
2019-10-20 15:26:20,033 WARN  [RpcConnectionFactory#200] [RegistryWorkerThread] Create connection to 192.168.6.101:9600 error!
2019-10-20 15:26:20,072 WARN  [RpcConnectionFactory#200] [RegistryWorkerThread] Create connection to 192.168.6.101:9600 error!
2019-10-20 15:26:28,888 WARN  [RpcConnectionFactory#200] [RegistryWorkerThread] Create connection to 192.168.6.101:9600 error!
2019-10-20 15:26:31,014 WARN  [RpcConnectionFactory#200] [RegistryWorkerThread] Create connection to 192.168.6.101:9600 error!
2019-10-20 20:01:07,604 WARN  [RpcConnectionFactory#237] [main] [client side] bolt netty low water mark is 32768 bytes, high water mark is 65536 bytes
2019-10-20 20:01:09,913 WARN  [RpcServer#884] [main] [server side] bolt netty low water mark is 32768 bytes, high water mark is 65536 bytes
2019-10-20 20:01:10,192 WARN  [RpcConnectionFactory#237] [main] [client side] bolt netty low water mark is 32768 bytes, high water mark is 65536 bytes
2019-10-20 20:01:10,673 WARN  [RpcConnectionFactory#237] [SOFA-CLI-CONN-com.jx.product.service.ProductService-5-T1] [client side] bolt netty low water mark is 32768 bytes, high water mark is 65536 bytes
2019-10-20 20:01:11,553 WARN  [RpcConnectionFactory#237] [SOFA-CLI-CONN-com.jx.product.service.ProductService-5-T1] [client side] bolt netty low water mark is 32768 bytes, high water mark is 65536 bytes
2019-10-20 20:01:12,808 WARN  [RpcServer#884] [main] [server side] bolt netty low water mark is 32768 bytes, high water mark is 65536 bytes
